# JRE version: Java(TM) SE Runtime Environment (8.0_101-b13) (build 1.8.0_101-b13)
# Java VM: Java HotSpot(TM) 64-Bit Server VM (25.101-b13 mixed mode linux-amd64 compressed oops)
Heap:
 PSYoungGen      total 140288K, used 22514K [0x00000000eab00000, 0x00000000f4a00000, 0x0000000100000000)
  eden space 117760K, 0% used [0x00000000eab00000,0x00000000eab00000,0x00000000f1e00000)
  from space 22528K, 99% used [0x00000000f1e00000,0x00000000f33fca20,0x00000000f3400000)
  to   space 15872K, 0% used [0x00000000f3a80000,0x00000000f3a80000,0x00000000f4a00000)
 ParOldGen       total 54784K, used 54351K [0x00000000c0000000, 0x00000000c3580000, 0x00000000eab00000)
  object space 54784K, 99% used [0x00000000c0000000,0x00000000c3513d90,0x00000000c3580000)
 Metaspace       used 6372K, capacity 7192K, committed 7424K, reserved 1056768K
  class space    used 609K, capacity 656K, committed 768K, reserved 1048576K
GC Heap History (10 events):
Event: 4.663 GC heap after
Heap after GC invocations=5 (full 0):
 PSYoungGen      total 33792K, used 992K [0x00000000eab00000, 0x00000000efa00000, 0x0000000100000000)
  eden space 32768K, 0% used [0x00000000eab00000,0x00000000eab00000,0x00000000ecb00000)
  from space 1024K, 96% used [0x00000000ecb00000,0x00000000ecbf8020,0x00000000ecc00000)
  to   space 7680K, 0% used [0x00000000ef280000,0x00000000ef280000,0x00000000efa00000)
 ParOldGen       total 20480K, used 13110K [0x00000000c0000000, 0x00000000c1400000, 0x00000000eab00000)
  object space 20480K, 64% used [0x00000000c0000000,0x00000000c0ccd890,0x00000000c1400000)
 Metaspace       used 5758K, capacity 6768K, committed 7040K, reserved 1056768K
  class space    used 588K, capacity 616K, committed 640K, reserved 1048576K
}
Event: 5.760 GC heap before
{Heap before GC invocations=6 (full 0):
 PSYoungGen      total 33792K, used 33760K [0x00000000eab00000, 0x00000000efa00000, 0x0000000100000000)
  eden space 32768K, 100% used [0x00000000eab00000,0x00000000ecb00000,0x00000000ecb00000)
  from space 1024K, 96% used [0x00000000ecb00000,0x00000000ecbf8020,0x00000000ecc00000)
  to   space 7680K, 0% used [0x00000000ef280000,0x00000000ef280000,0x00000000efa00000)
 ParOldGen       total 20480K, used 13110K [0x00000000c0000000, 0x00000000c1400000, 0x00000000eab00000)
  object space 20480K, 64% used [0x00000000c0000000,0x00000000c0ccd890,0x00000000c1400000)
 Metaspace       used 5821K, capacity 6832K, committed 7040K, reserved 1056768K
  class space    used 589K, capacity 616K, committed 640K, reserved 1048576K
Event: 5.879 GC heap after
Heap after GC invocations=6 (full 0):
 PSYoungGen      total 73216K, used 5031K [0x00000000eab00000, 0x00000000efa00000, 0x0000000100000000)
  eden space 65536K, 0% used [0x00000000eab00000,0x00000000eab00000,0x00000000eeb00000)
  from space 7680K, 65% used [0x00000000ef280000,0x00000000ef769cf0,0x00000000efa00000)
  to   space 7680K, 0% used [0x00000000eeb00000,0x00000000eeb00000,0x00000000ef280000)
 ParOldGen       total 20480K, used 13110K [0x00000000c0000000, 0x00000000c1400000, 0x00000000eab00000)
  object space 20480K, 64% used [0x00000000c0000000,0x00000000c0ccd890,0x00000000c1400000)
 Metaspace       used 5821K, capacity 6832K, committed 7040K, reserved 1056768K
  class space    used 589K, capacity 616K, committed 640K, reserved 1048576K
}
Event: 19.981 GC heap before
{Heap before GC invocations=7 (full 0):
 PSYoungGen      total 73216K, used 70567K [0x00000000eab00000, 0x00000000efa00000, 0x0000000100000000)
  eden space 65536K, 100% used [0x00000000eab00000,0x00000000eeb00000,0x00000000eeb00000)
  from space 7680K, 65% used [0x00000000ef280000,0x00000000ef769cf0,0x00000000efa00000)
  to   space 7680K, 0% used [0x00000000eeb00000,0x00000000eeb00000,0x00000000ef280000)
 ParOldGen       total 20480K, used 13110K [0x00000000c0000000, 0x00000000c1400000, 0x00000000eab00000)
  object space 20480K, 64% used [0x00000000c0000000,0x00000000c0ccd890,0x00000000c1400000)
 Metaspace       used 6064K, capacity 7000K, committed 7168K, reserved 1056768K
  class space    used 609K, capacity 656K, committed 768K, reserved 1048576K
Event: 20.081 GC heap after
Heap after GC invocations=7 (full 0):
 PSYoungGen      total 73216K, used 7672K [0x00000000eab00000, 0x00000000f4a00000, 0x0000000100000000)
  eden space 65536K, 0% used [0x00000000eab00000,0x00000000eab00000,0x00000000eeb00000)
  from space 7680K, 99% used [0x00000000eeb00000,0x00000000ef27e238,0x00000000ef280000)
  to   space 15872K, 0% used [0x00000000f3a80000,0x00000000f3a80000,0x00000000f4a00000)
 ParOldGen       total 26624K, used 26488K [0x00000000c0000000, 0x00000000c1a00000, 0x00000000eab00000)
  object space 26624K, 99% used [0x00000000c0000000,0x00000000c19de0d0,0x00000000c1a00000)
 Metaspace       used 6064K, capacity 7000K, committed 7168K, reserved 1056768K
  class space    used 609K, capacity 656K, committed 768K, reserved 1048576K
}
Event: 20.081 GC heap before
{Heap before GC invocations=8 (full 1):
 PSYoungGen      total 73216K, used 7672K [0x00000000eab00000, 0x00000000f4a00000, 0x0000000100000000)
  eden space 65536K, 0% used [0x00000000eab00000,0x00000000eab00000,0x00000000eeb00000)
  from space 7680K, 99% used [0x00000000eeb00000,0x00000000ef27e238,0x00000000ef280000)
  to   space 15872K, 0% used [0x00000000f3a80000,0x00000000f3a80000,0x00000000f4a00000)
 ParOldGen       total 26624K, used 26488K [0x00000000c0000000, 0x00000000c1a00000, 0x00000000eab00000)
  object space 26624K, 99% used [0x00000000c0000000,0x00000000c19de0d0,0x00000000c1a00000)
 Metaspace       used 6064K, capacity 7000K, committed 7168K, reserved 1056768K
  class space    used 609K, capacity 656K, committed 768K, reserved 1048576K
Event: 20.406 GC heap after
Heap after GC invocations=8 (full 1):
 PSYoungGen      total 73216K, used 4074K [0x00000000eab00000, 0x00000000f4a00000, 0x0000000100000000)
  eden space 65536K, 0% used [0x00000000eab00000,0x00000000eab00000,0x00000000eeb00000)
  from space 7680K, 53% used [0x00000000eeb00000,0x00000000eeefa880,0x00000000ef280000)
  to   space 15872K, 0% used [0x00000000f3a80000,0x00000000f3a80000,0x00000000f4a00000)
 ParOldGen       total 48128K, used 26488K [0x00000000c0000000, 0x00000000c2f00000, 0x00000000eab00000)
  object space 48128K, 55% used [0x00000000c0000000,0x00000000c19de310,0x00000000c2f00000)
 Metaspace       used 6064K, capacity 7000K, committed 7168K, reserved 1056768K
  class space    used 609K, capacity 656K, committed 768K, reserved 1048576K
}
Event: 28.993 GC heap before
{Heap before GC invocations=9 (full 1):
 PSYoungGen      total 73216K, used 69610K [0x00000000eab00000, 0x00000000f4a00000, 0x0000000100000000)
  eden space 65536K, 100% used [0x00000000eab00000,0x00000000eeb00000,0x00000000eeb00000)
  from space 7680K, 53% used [0x00000000eeb00000,0x00000000eeefa880,0x00000000ef280000)
  to   space 15872K, 0% used [0x00000000f3a80000,0x00000000f3a80000,0x00000000f4a00000)
 ParOldGen       total 48128K, used 26488K [0x00000000c0000000, 0x00000000c2f00000, 0x00000000eab00000)
  object space 48128K, 55% used [0x00000000c0000000,0x00000000c19de310,0x00000000c2f00000)
 Metaspace       used 6276K, capacity 7128K, committed 7424K, reserved 1056768K
  class space    used 609K, capacity 656K, committed 768K, reserved 1048576K
Event: 30.128 GC heap after
Heap after GC invocations=9 (full 1):
 PSYoungGen      total 133632K, used 15851K [0x00000000eab00000, 0x00000000f4a00000, 0x0000000100000000)
  eden space 117760K, 0% used [0x00000000eab00000,0x00000000eab00000,0x00000000f1e00000)
  from space 15872K, 99% used [0x00000000f3a80000,0x00000000f49fae38,0x00000000f4a00000)
  to   space 22528K, 0% used [0x00000000f1e00000,0x00000000f1e00000,0x00000000f3400000)
 ParOldGen       total 48128K, used 34563K [0x00000000c0000000, 0x00000000c2f00000, 0x00000000eab00000)
  object space 48128K, 71% used [0x00000000c0000000,0x00000000c21c0c08,0x00000000c2f00000)
 Metaspace       used 6276K, capacity 7128K, committed 7424K, reserved 1056768K
  class space    used 609K, capacity 656K, committed 768K, reserved 1048576K
}
Event: 40.271 GC heap before
{Heap before GC invocations=10 (full 1):
 PSYoungGen      total 133632K, used 133611K [0x00000000eab00000, 0x00000000f4a00000, 0x0000000100000000)
  eden space 117760K, 100% used [0x00000000eab00000,0x00000000f1e00000,0x00000000f1e00000)
  from space 15872K, 99% used [0x00000000f3a80000,0x00000000f49fae38,0x00000000f4a00000)
  to   space 22528K, 0% used [0x00000000f1e00000,0x00000000f1e00000,0x00000000f3400000)
 ParOldGen       total 48128K, used 34563K [0x00000000c0000000, 0x00000000c2f00000, 0x00000000eab00000)
  object space 48128K, 71% used [0x00000000c0000000,0x00000000c21c0c08,0x00000000c2f00000)
 Metaspace       used 6372K, capacity 7192K, committed 7424K, reserved 1056768K
  class space    used 609K, capacity 656K, committed 768K, reserved 1048576K

