# JRE version: Java(TM) SE Runtime Environment (8.0_101-b13) (build 1.8.0_101-b13)
# Java VM: Java HotSpot(TM) 64-Bit Server VM (25.101-b13 mixed mode linux-amd64 compressed oops)
Heap:
 PSYoungGen      total 158208K, used 0K [0x00000000eab00000, 0x00000000fad00000, 0x0000000100000000)
  eden space 102400K, 0% used [0x00000000eab00000,0x00000000eab00000,0x00000000f0f00000)
  from space 55808K, 0% used [0x00000000f0f00000,0x00000000f0f00000,0x00000000f4580000)
  to   space 60416K, 15% used [0x00000000f7200000,0x00000000f7b38c60,0x00000000fad00000)
 ParOldGen       total 177664K, used 177662K [0x00000000c0000000, 0x00000000cad80000, 0x00000000eab00000)
  object space 177664K, 99% used [0x00000000c0000000,0x00000000cad7f820,0x00000000cad80000)
 Metaspace       used 6425K, capacity 7256K, committed 7424K, reserved 1056768K
  class space    used 612K, capacity 656K, committed 768K, reserved 1048576K
GC Heap History (10 events):
Event: 39.748 GC heap after
Heap after GC invocations=13 (full 2):
 PSYoungGen      total 138752K, used 17289K [0x00000000eab00000, 0x00000000f6780000, 0x0000000100000000)
  eden space 103424K, 0% used [0x00000000eab00000,0x00000000eab00000,0x00000000f1000000)
  from space 35328K, 48% used [0x00000000f1000000,0x00000000f20e2590,0x00000000f3280000)
  to   space 34816K, 0% used [0x00000000f4580000,0x00000000f4580000,0x00000000f6780000)
 ParOldGen       total 112128K, used 66967K [0x00000000c0000000, 0x00000000c6d80000, 0x00000000eab00000)
  object space 112128K, 59% used [0x00000000c0000000,0x00000000c4165d10,0x00000000c6d80000)
 Metaspace       used 6415K, capacity 7192K, committed 7424K, reserved 1056768K
  class space    used 611K, capacity 656K, committed 768K, reserved 1048576K
}
Event: 40.970 GC heap before
{Heap before GC invocations=14 (full 2):
 PSYoungGen      total 138752K, used 120713K [0x00000000eab00000, 0x00000000f6780000, 0x0000000100000000)
  eden space 103424K, 100% used [0x00000000eab00000,0x00000000f1000000,0x00000000f1000000)
  from space 35328K, 48% used [0x00000000f1000000,0x00000000f20e2590,0x00000000f3280000)
  to   space 34816K, 0% used [0x00000000f4580000,0x00000000f4580000,0x00000000f6780000)
 ParOldGen       total 112128K, used 66967K [0x00000000c0000000, 0x00000000c6d80000, 0x00000000eab00000)
  object space 112128K, 59% used [0x00000000c0000000,0x00000000c4165d10,0x00000000c6d80000)
 Metaspace       used 6424K, capacity 7256K, committed 7424K, reserved 1056768K
  class space    used 612K, capacity 656K, committed 768K, reserved 1048576K
Event: 45.296 GC heap after
Heap after GC invocations=14 (full 2):
 PSYoungGen      total 137216K, used 34790K [0x00000000eab00000, 0x00000000fa600000, 0x0000000100000000)
  eden space 102400K, 0% used [0x00000000eab00000,0x00000000eab00000,0x00000000f0f00000)
  from space 34816K, 99% used [0x00000000f4580000,0x00000000f6779bd8,0x00000000f6780000)
  to   space 55808K, 0% used [0x00000000f0f00000,0x00000000f0f00000,0x00000000f4580000)
 ParOldGen       total 112128K, used 108491K [0x00000000c0000000, 0x00000000c6d80000, 0x00000000eab00000)
  object space 112128K, 96% used [0x00000000c0000000,0x00000000c69f2e40,0x00000000c6d80000)
 Metaspace       used 6424K, capacity 7256K, committed 7424K, reserved 1056768K
  class space    used 612K, capacity 656K, committed 768K, reserved 1048576K
}
Event: 45.296 GC heap before
{Heap before GC invocations=15 (full 3):
 PSYoungGen      total 137216K, used 34790K [0x00000000eab00000, 0x00000000fa600000, 0x0000000100000000)
  eden space 102400K, 0% used [0x00000000eab00000,0x00000000eab00000,0x00000000f0f00000)
  from space 34816K, 99% used [0x00000000f4580000,0x00000000f6779bd8,0x00000000f6780000)
  to   space 55808K, 0% used [0x00000000f0f00000,0x00000000f0f00000,0x00000000f4580000)
 ParOldGen       total 112128K, used 108491K [0x00000000c0000000, 0x00000000c6d80000, 0x00000000eab00000)
  object space 112128K, 96% used [0x00000000c0000000,0x00000000c69f2e40,0x00000000c6d80000)
 Metaspace       used 6424K, capacity 7256K, committed 7424K, reserved 1056768K
  class space    used 612K, capacity 656K, committed 768K, reserved 1048576K
Event: 46.459 GC heap after
Heap after GC invocations=15 (full 3):
 PSYoungGen      total 137216K, used 24189K [0x00000000eab00000, 0x00000000fa600000, 0x0000000100000000)
  eden space 102400K, 0% used [0x00000000eab00000,0x00000000eab00000,0x00000000f0f00000)
  from space 34816K, 69% used [0x00000000f4580000,0x00000000f5d1f520,0x00000000f6780000)
  to   space 55808K, 0% used [0x00000000f0f00000,0x00000000f0f00000,0x00000000f4580000)
 ParOldGen       total 173056K, used 111690K [0x00000000c0000000, 0x00000000ca900000, 0x00000000eab00000)
  object space 173056K, 64% used [0x00000000c0000000,0x00000000c6d12ac8,0x00000000ca900000)
 Metaspace       used 6424K, capacity 7256K, committed 7424K, reserved 1056768K
  class space    used 612K, capacity 656K, committed 768K, reserved 1048576K
}
Event: 46.999 GC heap before
{Heap before GC invocations=16 (full 3):
 PSYoungGen      total 137216K, used 126494K [0x00000000eab00000, 0x00000000fa600000, 0x0000000100000000)
  eden space 102400K, 99% used [0x00000000eab00000,0x00000000f0ee84f0,0x00000000f0f00000)
  from space 34816K, 69% used [0x00000000f4580000,0x00000000f5d1f520,0x00000000f6780000)
  to   space 55808K, 0% used [0x00000000f0f00000,0x00000000f0f00000,0x00000000f4580000)
 ParOldGen       total 173056K, used 111690K [0x00000000c0000000, 0x00000000ca900000, 0x00000000eab00000)
  object space 173056K, 64% used [0x00000000c0000000,0x00000000c6d12ac8,0x00000000ca900000)
 Metaspace       used 6425K, capacity 7256K, committed 7424K, reserved 1056768K
  class space    used 612K, capacity 656K, committed 768K, reserved 1048576K
Event: 47.204 GC heap after
Heap after GC invocations=16 (full 3):
 PSYoungGen      total 158208K, used 40790K [0x00000000eab00000, 0x00000000fad00000, 0x0000000100000000)
  eden space 102400K, 0% used [0x00000000eab00000,0x00000000eab00000,0x00000000f0f00000)
  from space 55808K, 73% used [0x00000000f0f00000,0x00000000f36d5af0,0x00000000f4580000)
  to   space 60416K, 0% used [0x00000000f7200000,0x00000000f7200000,0x00000000fad00000)
 ParOldGen       total 173056K, used 136344K [0x00000000c0000000, 0x00000000ca900000, 0x00000000eab00000)
  object space 173056K, 78% used [0x00000000c0000000,0x00000000c8526158,0x00000000ca900000)
 Metaspace       used 6425K, capacity 7256K, committed 7424K, reserved 1056768K
  class space    used 612K, capacity 656K, committed 768K, reserved 1048576K
}
Event: 47.433 GC heap before
{Heap before GC invocations=17 (full 3):
 PSYoungGen      total 158208K, used 143190K [0x00000000eab00000, 0x00000000fad00000, 0x0000000100000000)
  eden space 102400K, 100% used [0x00000000eab00000,0x00000000f0f00000,0x00000000f0f00000)
  from space 55808K, 73% used [0x00000000f0f00000,0x00000000f36d5af0,0x00000000f4580000)
  to   space 60416K, 0% used [0x00000000f7200000,0x00000000f7200000,0x00000000fad00000)
 ParOldGen       total 173056K, used 136344K [0x00000000c0000000, 0x00000000ca900000, 0x00000000eab00000)
  object space 173056K, 78% used [0x00000000c0000000,0x00000000c8526158,0x00000000ca900000)
 Metaspace       used 6425K, capacity 7256K, committed 7424K, reserved 1056768K
  class space    used 612K, capacity 656K, committed 768K, reserved 1048576K
Event: 51.297 GC heap after
Heap after GC invocations=17 (full 3):
 PSYoungGen      total 158208K, used 143190K [0x00000000eab00000, 0x00000000fad00000, 0x0000000100000000)
  eden space 102400K, 100% used [0x00000000eab00000,0x00000000f0f00000,0x00000000f0f00000)
  from space 55808K, 73% used [0x00000000f0f00000,0x00000000f36d5af0,0x00000000f4580000)
  to   space 60416K, 88% used [0x00000000f7200000,0x00000000fa652430,0x00000000fad00000)
 ParOldGen       total 177664K, used 177154K [0x00000000c0000000, 0x00000000cad80000, 0x00000000eab00000)
  object space 177664K, 99% used [0x00000000c0000000,0x00000000cad008e0,0x00000000cad80000)
 Metaspace       used 6425K, capacity 7256K, committed 7424K, reserved 1056768K
  class space    used 612K, capacity 656K, committed 768K, reserved 1048576K
}
Event: 51.297 GC heap before
{Heap before GC invocations=18 (full 4):
 PSYoungGen      total 158208K, used 143190K [0x00000000eab00000, 0x00000000fad00000, 0x0000000100000000)
  eden space 102400K, 100% used [0x00000000eab00000,0x00000000f0f00000,0x00000000f0f00000)
  from space 55808K, 73% used [0x00000000f0f00000,0x00000000f36d5af0,0x00000000f4580000)
  to   space 60416K, 88% used [0x00000000f7200000,0x00000000fa652430,0x00000000fad00000)
 ParOldGen       total 177664K, used 177154K [0x00000000c0000000, 0x00000000cad80000, 0x00000000eab00000)
  object space 177664K, 99% used [0x00000000c0000000,0x00000000cad008e0,0x00000000cad80000)
 Metaspace       used 6425K, capacity 7256K, committed 7424K, reserved 1056768K
  class space    used 612K, capacity 656K, committed 768K, reserved 1048576K

