# JRE version: Java(TM) SE Runtime Environment (8.0_101-b13) (build 1.8.0_101-b13)
# Java VM: Java HotSpot(TM) 64-Bit Server VM (25.101-b13 mixed mode linux-amd64 compressed oops)
Heap:
 PSYoungGen      total 209920K, used 9858K [0x00000000eab00000, 0x00000000fac80000, 0x0000000100000000)
  eden space 159232K, 0% used [0x00000000eab00000,0x00000000eab00000,0x00000000f4680000)
  from space 50688K, 19% used [0x00000000f7b00000,0x00000000f84a0aa0,0x00000000fac80000)
  to   space 52224K, 0% used [0x00000000f4680000,0x00000000f4680000,0x00000000f7980000)
 ParOldGen       total 186368K, used 186248K [0x00000000c0000000, 0x00000000cb600000, 0x00000000eab00000)
  object space 186368K, 99% used [0x00000000c0000000,0x00000000cb5e22d0,0x00000000cb600000)
 Metaspace       used 6058K, capacity 7000K, committed 7168K, reserved 1056768K
  class space    used 610K, capacity 656K, committed 768K, reserved 1048576K
GC Heap History (10 events):
Event: 31.998 GC heap after
Heap after GC invocations=13 (full 2):
 PSYoungGen      total 109568K, used 36330K [0x00000000eab00000, 0x00000000f7180000, 0x0000000100000000)
  eden space 73216K, 0% used [0x00000000eab00000,0x00000000eab00000,0x00000000ef280000)
  from space 36352K, 99% used [0x00000000ef280000,0x00000000f15faa88,0x00000000f1600000)
  to   space 49664K, 0% used [0x00000000f4100000,0x00000000f4100000,0x00000000f7180000)
 ParOldGen       total 115712K, used 88022K [0x00000000c0000000, 0x00000000c7100000, 0x00000000eab00000)
  object space 115712K, 76% used [0x00000000c0000000,0x00000000c55f5bb8,0x00000000c7100000)
 Metaspace       used 6048K, capacity 7000K, committed 7168K, reserved 1056768K
  class space    used 609K, capacity 656K, committed 768K, reserved 1048576K
}
Event: 32.417 GC heap before
{Heap before GC invocations=14 (full 2):
 PSYoungGen      total 109568K, used 109546K [0x00000000eab00000, 0x00000000f7180000, 0x0000000100000000)
  eden space 73216K, 100% used [0x00000000eab00000,0x00000000ef280000,0x00000000ef280000)
  from space 36352K, 99% used [0x00000000ef280000,0x00000000f15faa88,0x00000000f1600000)
  to   space 49664K, 0% used [0x00000000f4100000,0x00000000f4100000,0x00000000f7180000)
 ParOldGen       total 115712K, used 88022K [0x00000000c0000000, 0x00000000c7100000, 0x00000000eab00000)
  object space 115712K, 76% used [0x00000000c0000000,0x00000000c55f5bb8,0x00000000c7100000)
 Metaspace       used 6048K, capacity 7000K, committed 7168K, reserved 1056768K
  class space    used 609K, capacity 656K, committed 768K, reserved 1048576K
Event: 34.988 GC heap after
Heap after GC invocations=14 (full 2):
 PSYoungGen      total 155136K, used 21174K [0x00000000eab00000, 0x00000000f7280000, 0x0000000100000000)
  eden space 105472K, 0% used [0x00000000eab00000,0x00000000eab00000,0x00000000f1200000)
  from space 49664K, 42% used [0x00000000f4100000,0x00000000f55ad800,0x00000000f7180000)
  to   space 48128K, 0% used [0x00000000f1200000,0x00000000f1200000,0x00000000f4100000)
 ParOldGen       total 126464K, used 126169K [0x00000000c0000000, 0x00000000c7b80000, 0x00000000eab00000)
  object space 126464K, 99% used [0x00000000c0000000,0x00000000c7b36640,0x00000000c7b80000)
 Metaspace       used 6048K, capacity 7000K, committed 7168K, reserved 1056768K
  class space    used 609K, capacity 656K, committed 768K, reserved 1048576K
}
Event: 34.988 GC heap before
{Heap before GC invocations=15 (full 3):
 PSYoungGen      total 155136K, used 21174K [0x00000000eab00000, 0x00000000f7280000, 0x0000000100000000)
  eden space 105472K, 0% used [0x00000000eab00000,0x00000000eab00000,0x00000000f1200000)
  from space 49664K, 42% used [0x00000000f4100000,0x00000000f55ad800,0x00000000f7180000)
  to   space 48128K, 0% used [0x00000000f1200000,0x00000000f1200000,0x00000000f4100000)
 ParOldGen       total 126464K, used 126169K [0x00000000c0000000, 0x00000000c7b80000, 0x00000000eab00000)
  object space 126464K, 99% used [0x00000000c0000000,0x00000000c7b36640,0x00000000c7b80000)
 Metaspace       used 6048K, capacity 7000K, committed 7168K, reserved 1056768K
  class space    used 609K, capacity 656K, committed 768K, reserved 1048576K
Event: 35.405 GC heap after
Heap after GC invocations=15 (full 3):
 PSYoungGen      total 155136K, used 16401K [0x00000000eab00000, 0x00000000f7280000, 0x0000000100000000)
  eden space 105472K, 0% used [0x00000000eab00000,0x00000000eab00000,0x00000000f1200000)
  from space 49664K, 33% used [0x00000000f4100000,0x00000000f51044f0,0x00000000f7180000)
  to   space 48128K, 0% used [0x00000000f1200000,0x00000000f1200000,0x00000000f4100000)
 ParOldGen       total 186368K, used 126117K [0x00000000c0000000, 0x00000000cb600000, 0x00000000eab00000)
  object space 186368K, 67% used [0x00000000c0000000,0x00000000c7b29428,0x00000000cb600000)
 Metaspace       used 6048K, capacity 7000K, committed 7168K, reserved 1056768K
  class space    used 609K, capacity 656K, committed 768K, reserved 1048576K
}
Event: 36.105 GC heap before
{Heap before GC invocations=16 (full 3):
 PSYoungGen      total 155136K, used 121873K [0x00000000eab00000, 0x00000000f7280000, 0x0000000100000000)
  eden space 105472K, 100% used [0x00000000eab00000,0x00000000f1200000,0x00000000f1200000)
  from space 49664K, 33% used [0x00000000f4100000,0x00000000f51044f0,0x00000000f7180000)
  to   space 48128K, 0% used [0x00000000f1200000,0x00000000f1200000,0x00000000f4100000)
 ParOldGen       total 186368K, used 126117K [0x00000000c0000000, 0x00000000cb600000, 0x00000000eab00000)
  object space 186368K, 67% used [0x00000000c0000000,0x00000000c7b29428,0x00000000cb600000)
 Metaspace       used 6056K, capacity 7000K, committed 7168K, reserved 1056768K
  class space    used 610K, capacity 656K, committed 768K, reserved 1048576K
Event: 37.034 GC heap after
Heap after GC invocations=16 (full 3):
 PSYoungGen      total 153600K, used 44669K [0x00000000eab00000, 0x00000000fb100000, 0x0000000100000000)
  eden space 105472K, 0% used [0x00000000eab00000,0x00000000eab00000,0x00000000f1200000)
  from space 48128K, 92% used [0x00000000f1200000,0x00000000f3d9f680,0x00000000f4100000)
  to   space 55296K, 0% used [0x00000000f7b00000,0x00000000f7b00000,0x00000000fb100000)
 ParOldGen       total 186368K, used 142461K [0x00000000c0000000, 0x00000000cb600000, 0x00000000eab00000)
  object space 186368K, 76% used [0x00000000c0000000,0x00000000c8b1f428,0x00000000cb600000)
 Metaspace       used 6056K, capacity 7000K, committed 7168K, reserved 1056768K
  class space    used 610K, capacity 656K, committed 768K, reserved 1048576K
}
Event: 38.026 GC heap before
{Heap before GC invocations=17 (full 3):
 PSYoungGen      total 153600K, used 150141K [0x00000000eab00000, 0x00000000fb100000, 0x0000000100000000)
  eden space 105472K, 100% used [0x00000000eab00000,0x00000000f1200000,0x00000000f1200000)
  from space 48128K, 92% used [0x00000000f1200000,0x00000000f3d9f680,0x00000000f4100000)
  to   space 55296K, 0% used [0x00000000f7b00000,0x00000000f7b00000,0x00000000fb100000)
 ParOldGen       total 186368K, used 142461K [0x00000000c0000000, 0x00000000cb600000, 0x00000000eab00000)
  object space 186368K, 76% used [0x00000000c0000000,0x00000000c8b1f428,0x00000000cb600000)
 Metaspace       used 6058K, capacity 7000K, committed 7168K, reserved 1056768K
  class space    used 610K, capacity 656K, committed 768K, reserved 1048576K
Event: 40.488 GC heap after
Heap after GC invocations=17 (full 3):
 PSYoungGen      total 209920K, used 17588K [0x00000000eab00000, 0x00000000fac80000, 0x0000000100000000)
  eden space 159232K, 0% used [0x00000000eab00000,0x00000000eab00000,0x00000000f4680000)
  from space 50688K, 34% used [0x00000000f7b00000,0x00000000f8c2d3c0,0x00000000fac80000)
  to   space 52224K, 0% used [0x00000000f4680000,0x00000000f4680000,0x00000000f7980000)
 ParOldGen       total 186368K, used 184285K [0x00000000c0000000, 0x00000000cb600000, 0x00000000eab00000)
  object space 186368K, 98% used [0x00000000c0000000,0x00000000cb3f7488,0x00000000cb600000)
 Metaspace       used 6058K, capacity 7000K, committed 7168K, reserved 1056768K
  class space    used 610K, capacity 656K, committed 768K, reserved 1048576K
}
Event: 40.488 GC heap before
{Heap before GC invocations=18 (full 4):
 PSYoungGen      total 209920K, used 17588K [0x00000000eab00000, 0x00000000fac80000, 0x0000000100000000)
  eden space 159232K, 0% used [0x00000000eab00000,0x00000000eab00000,0x00000000f4680000)
  from space 50688K, 34% used [0x00000000f7b00000,0x00000000f8c2d3c0,0x00000000fac80000)
  to   space 52224K, 0% used [0x00000000f4680000,0x00000000f4680000,0x00000000f7980000)
 ParOldGen       total 186368K, used 184285K [0x00000000c0000000, 0x00000000cb600000, 0x00000000eab00000)
  object space 186368K, 98% used [0x00000000c0000000,0x00000000cb3f7488,0x00000000cb600000)
 Metaspace       used 6058K, capacity 7000K, committed 7168K, reserved 1056768K
  class space    used 610K, capacity 656K, committed 768K, reserved 1048576K

